Build started 14-Apr-19 5:43:06 AM.
     1>Project "D:\Arquero\iGraphics Project\iGraphics Project.vcxproj" on node 2 (build target(s)).
     1>InitializeBuildStatus:
         Creating "Debug\Arquero.unsuccessfulbuild" because "AlwaysCreate" was specified.
       ClCompile:
         C:\Program Files (x86)\Microsoft Visual Studio 10.0\VC\bin\CL.exe /c /ZI /nologo /W3 /WX- /Od /Oy- /D _MBCS /Gm /EHsc /RTC1 /MDd /GS /fp:precise /Zc:wchar_t /Zc:forScope /Fo"Debug\\" /Fd"Debug\vc100.pdb" /Gd /TP /analyze- /errorReport:prompt Arquero.cpp
         Arquero.cpp
     1>d:\arquero\igraphics project\arquero.cpp(302): warning C4101: 'c' : unreferenced local variable
       Link:
         C:\Program Files (x86)\Microsoft Visual Studio 10.0\VC\bin\link.exe /ERRORREPORT:PROMPT /OUT:"D:\Arquero\Debug\Arquero.exe" /NOLOGO kernel32.lib user32.lib gdi32.lib winspool.lib comdlg32.lib advapi32.lib shell32.lib ole32.lib oleaut32.lib uuid.lib odbc32.lib odbccp32.lib /MANIFEST /ManifestFile:"Debug\Arquero.exe.intermediate.manifest" /MANIFESTUAC:"level='asInvoker' uiAccess='false'" /DEBUG /PDB:"D:\Arquero\Debug\Arquero.pdb" /TLBID:1 /DYNAMICBASE /NXCOMPAT /IMPLIB:"D:\Arquero\Debug\Arquero.lib" /MACHINE:X86 Debug\Arquero.obj
         LINK : D:\Arquero\Debug\Arquero.exe not found or not built by the last incremental link; performing full link
         iGraphics Project.vcxproj -> D:\Arquero\Debug\Arquero.exe
       Manifest:
         C:\Program Files (x86)\Microsoft SDKs\Windows\v7.0A\bin\mt.exe /nologo /verbose /outputresource:"D:\Arquero\Debug\Arquero.exe;#1" /manifest Debug\Arquero.exe.intermediate.manifest
       FinalizeBuildStatus:
         Deleting file "Debug\Arquero.unsuccessfulbuild".
         Touching "Debug\Arquero.lastbuildstate".
     1>Done Building Project "D:\Arquero\iGraphics Project\iGraphics Project.vcxproj" (build target(s)).

Build succeeded.

Time Elapsed 00:00:02.37
